<?xml version="1.0" encoding="UTF-8"?>
<testng-results skipped="0" failed="0" total="2" passed="2">
  <reporter-output>
  </reporter-output>
  <suite name="Command line suite" duration-ms="71" started-at="2016-01-03T08:35:42Z" finished-at="2016-01-03T08:35:42Z">
    <groups>
    </groups>
    <test name="Command line test" duration-ms="71" started-at="2016-01-03T08:35:42Z" finished-at="2016-01-03T08:35:42Z">
      <class name="package1.Test3">
        <test-method status="PASS" signature="test3()[pri:0, instance:package1.Test3@3b6eb2ec]" name="test3" duration-ms="1" started-at="2016-01-03T14:05:42Z" finished-at="2016-01-03T14:05:42Z">
          <reporter-output>
          </reporter-output>
        </test-method> <!-- test3 -->
      </class> <!-- package1.Test3 -->
      <class name="package1.Test2">
        <test-method status="PASS" signature="test2()[pri:0, instance:package1.Test2@3ac3fd8b]" name="test2" duration-ms="19" started-at="2016-01-03T14:05:42Z" finished-at="2016-01-03T14:05:42Z">
          <reporter-output>
          </reporter-output>
        </test-method> <!-- test2 -->
      </class> <!-- package1.Test2 -->
    </test> <!-- Command line test -->
  </suite> <!-- Command line suite -->
</testng-results>
