<?xml version="1.0" encoding="UTF-8"?>
<testng-results skipped="0" failed="0" total="2" passed="2">
  <reporter-output>
  </reporter-output>
  <suite name="ABC" duration-ms="219" started-at="2016-01-06T07:55:04Z" finished-at="2016-01-06T07:55:04Z">
    <groups>
    </groups>
    <test name="First Class" duration-ms="71" started-at="2016-01-06T07:55:04Z" finished-at="2016-01-06T07:55:04Z">
      <class name="package1.Test2">
        <test-method status="PASS" signature="test2()[pri:0, instance:package1.Test2@50675690]" name="test2" duration-ms="25" started-at="2016-01-06T13:25:04Z" finished-at="2016-01-06T13:25:04Z">
          <reporter-output>
          </reporter-output>
        </test-method> <!-- test2 -->
      </class> <!-- package1.Test2 -->
    </test> <!-- First Class -->
    <test name="Second Class Class" duration-ms="6" started-at="2016-01-06T07:55:04Z" finished-at="2016-01-06T07:55:04Z">
      <class name="package1.Test3">
        <test-method status="PASS" signature="test3()[pri:0, instance:package1.Test3@2cfb4a64]" name="test3" duration-ms="2" started-at="2016-01-06T13:25:04Z" finished-at="2016-01-06T13:25:04Z">
          <reporter-output>
          </reporter-output>
        </test-method> <!-- test3 -->
      </class> <!-- package1.Test3 -->
    </test> <!-- Second Class Class -->
  </suite> <!-- ABC -->
</testng-results>
